<?xml version="1.0" encoding="UTF-8"?>
<!-- Generated by org.testng.reporters.JUnitReportReporter -->
<testsuite hostname="LAPTOP-TF7ID873" failures="0" tests="1" name="april6.exp1" time="18.645" errors="0" timestamp="2023-04-08T15:11:38 IST" skipped="0">
  <testcase classname="april6.exp1" name="login" time="18.645"/>
  <system-out>
    <![CDATA[no of rows 6
Login sucess
Username cannot be empty
Invalid credentials
Username cannot be empty
Invalid credentials
Password cannot be empty]]>
  </system-out>
</testsuite> <!-- april6.exp1 -->
