<?xml version="1.0" encoding="UTF-8"?>
<!-- Generated by org.testng.reporters.JUnitReportReporter -->
<testsuite hostname="LAPTOP-TF7ID873" failures="0" tests="1" name="april3.Facebook" time="4.683" errors="0" timestamp="2023-04-03T18:36:10 IST" skipped="0">
  <testcase classname="april3.Facebook" name="data" time="4.683"/>
  <system-out/>
</testsuite> <!-- april3.Facebook -->
