<?xml version="1.0" encoding="UTF-8"?>
<!-- Generated by org.testng.reporters.JUnitReportReporter -->
<testsuite hostname="LAPTOP-TF7ID873" failures="0" tests="1" name="april3.Propertyfile" time="7.768" errors="0" timestamp="2023-04-03T17:46:10 IST" skipped="0">
  <testcase classname="april3.Propertyfile" name="login" time="7.768"/>
  <system-out/>
</testsuite> <!-- april3.Propertyfile -->
