<?xml version="1.0" encoding="UTF-8"?>
<!-- Generated by org.testng.reporters.JUnitReportReporter -->
<testsuite hostname="LAPTOP-TF7ID873" failures="0" tests="1" name="april1.Example3" time="1.938" errors="0" timestamp="2023-04-06T20:02:38 IST" skipped="0">
  <testcase classname="april1.Example3" name="a" time="1.938"/>
  <system-out/>
</testsuite> <!-- april1.Example3 -->
