<?xml version="1.0" encoding="UTF-8"?>
<!-- Generated by org.testng.reporters.JUnitReportReporter -->
<testsuite hostname="LAPTOP-TF7ID873" failures="0" tests="1" name="april7.Exp2" time="3.159" errors="0" timestamp="2023-04-07T15:35:20 IST" skipped="0">
  <testcase classname="april7.Exp2" name="test" time="3.159"/>
  <system-out/>
</testsuite> <!-- april7.Exp2 -->
