<?xml version="1.0" encoding="UTF-8"?>
<!-- Generated by org.testng.reporters.JUnitReportReporter -->
<testsuite hostname="LAPTOP-TF7ID873" failures="0" tests="1" name="april7.Asserts" time="3.062" errors="0" timestamp="2023-04-07T15:24:31 IST" skipped="0">
  <testcase classname="april7.Asserts" name="test" time="3.062"/>
  <system-out/>
</testsuite> <!-- april7.Asserts -->
