<?xml version="1.0" encoding="UTF-8"?>
<!-- Generated by org.testng.reporters.JUnitReportReporter -->
<testsuite hostname="LAPTOP-TF7ID873" failures="0" tests="4" name="april1.SecondTestng" time="15.836" errors="0" timestamp="2023-04-03T16:20:21 IST" skipped="0">
  <testcase classname="april1.SecondTestng" name="users" time="4.251"/>
  <system-out>
    <![CDATA[Executing users test]]>
  </system-out>
  <testcase classname="april1.SecondTestng" name="roles" time="3.618"/>
  <system-out>
    <![CDATA[Executing roles test]]>
  </system-out>
  <testcase classname="april1.SecondTestng" name="employees" time="4.094"/>
  <system-out>
    <![CDATA[Executing employees test]]>
  </system-out>
  <testcase classname="april1.SecondTestng" name="branches" time="3.873"/>
  <system-out>
    <![CDATA[Executing branch test]]>
  </system-out>
</testsuite> <!-- april1.SecondTestng -->
