<?xml version="1.0" encoding="UTF-8"?>
<!-- Generated by org.testng.reporters.JUnitReportReporter -->
<testsuite hostname="LAPTOP-TF7ID873" failures="0" tests="1" name="april7.Exp1" time="3.057" errors="0" timestamp="2023-04-07T15:31:24 IST" skipped="0">
  <testcase classname="april7.Exp1" name="test" time="3.057"/>
  <system-out/>
</testsuite> <!-- april7.Exp1 -->
