<?xml version="1.0" encoding="UTF-8"?>
<!-- Generated by org.testng.reporters.JUnitReportReporter -->
<testsuite hostname="LAPTOP-TF7ID873" failures="0" tests="2" name="april7.Reports" time="6.272" errors="0" timestamp="2023-04-07T16:08:54 IST" skipped="0">
  <testcase classname="april7.Reports" name="testfail" time="3.059"/>
  <system-out/>
  <testcase classname="april7.Reports" name="testpass" time="3.213"/>
  <system-out/>
</testsuite> <!-- april7.Reports -->
