<?xml version="1.0" encoding="UTF-8"?>
<!-- Generated by org.testng.reporters.JUnitReportReporter -->
<testsuite hostname="LAPTOP-TF7ID873" failures="0" tests="3" name="april1.FirstTestngclass" time="43.091" errors="0" timestamp="2023-04-03T16:20:21 IST" skipped="0">
  <testcase classname="april1.FirstTestngclass" name="addition" time="14.243"/>
  <system-out>
    <![CDATA[Exeecuting addition test]]>
  </system-out>
  <testcase classname="april1.FirstTestngclass" name="division" time="14.722"/>
  <system-out>
    <![CDATA[Exeecuting division test]]>
  </system-out>
  <testcase classname="april1.FirstTestngclass" name="multiplication" time="14.126"/>
  <system-out>
    <![CDATA[Exeecuting multiplication test]]>
  </system-out>
</testsuite> <!-- april1.FirstTestngclass -->
