<?xml version="1.0" encoding="UTF-8"?>
<!-- Generated by org.testng.reporters.JUnitReportReporter -->
<testsuite hostname="LAPTOP-TF7ID873" failures="0" tests="3" name="march31.TestngFirst" time="10.738" errors="0" timestamp="2023-04-03T15:58:08 IST" skipped="0">
  <testcase classname="march31.TestngFirst" name="Cbanking" time="3.518"/>
  <system-out>
    <![CDATA[Executing C banking ]]>
  </system-out>
  <testcase classname="march31.TestngFirst" name="Ibanking" time="3.375"/>
  <system-out>
    <![CDATA[Executing I banking]]>
  </system-out>
  <testcase classname="march31.TestngFirst" name="Pbanking" time="3.845"/>
  <system-out>
    <![CDATA[Executing P banking]]>
  </system-out>
</testsuite> <!-- march31.TestngFirst -->
